<?xml version="1.0" encoding="UTF-8"?>
<!-- Generated by org.testng.reporters.JUnitReportReporter -->
<testsuite skipped="0" hostname="DESKTOP-987SG1D" name="POM_FaceBookTestCases.Tc_01_LoginTest" tests="1" failures="0" timestamp="2020-05-24T06:28:23 IST" time="9.946" errors="0">
  <testcase name="doLogin" time="9.946" classname="POM_FaceBookTestCases.Tc_01_LoginTest"/>
</testsuite> <!-- POM_FaceBookTestCases.Tc_01_LoginTest -->
