<?xml version="1.0" encoding="UTF-8"?>
<!-- Generated by org.testng.reporters.JUnitReportReporter -->
<testsuite skipped="0" hostname="DESKTOP-987SG1D" name="POM_FaceBookTestCases.Tc_03_EditProfileTest" tests="1" failures="0" timestamp="2020-05-24T06:28:23 IST" time="4.210" errors="0">
  <testcase name="Edit_Profile" time="4.210" classname="POM_FaceBookTestCases.Tc_03_EditProfileTest"/>
</testsuite> <!-- POM_FaceBookTestCases.Tc_03_EditProfileTest -->
